<?xml version="1.0" encoding="UTF-8"?>
<testsuite name="com.hospital.msauth.MsAuthApplicationTests" tests="1" skipped="0" failures="0" errors="0" timestamp="2026-06-10T00:21:07" hostname="MacBook-Air-de-Elian.local" time="0.27">
  <properties/>
  <testcase name="contextLoads()" classname="com.hospital.msauth.MsAuthApplicationTests" time="0.27"/>
  <system-out><![CDATA[20:21:05.288 [Test worker] INFO org.springframework.test.context.support.AnnotationConfigContextLoaderUtils -- Could not detect default configuration classes for test class [com.hospital.msauth.MsAuthApplicationTests]: MsAuthApplicationTests does not declare any static, non-private, non-final, nested classes annotated with @Configuration.
20:21:05.331 [Test worker] INFO org.springframework.boot.test.context.SpringBootTestContextBootstrapper -- Found @SpringBootConfiguration com.hospital.msauth.MsAuthApplication for test class com.hospital.msauth.MsAuthApplicationTests

  .   ____          _            __ _ _
 /\\ / ___'_ __ _ _(_)_ __  __ _ \ \ \ \
( ( )\___ | '_ | '_| | '_ \/ _` | \ \ \ \
 \\/  ___)| |_)| | | | | || (_| |  ) ) ) )
  '  |____| .__|_| |_|_| |_\__, | / / / /
 =========|_|==============|___/=/_/_/_/

 :: Spring Boot ::                (v3.4.5)

2026-06-09T20:21:05.492-04:00  INFO 28096 --- [    Test worker] c.h.msauth.MsAuthApplicationTests        : Starting MsAuthApplicationTests using Java 21.0.10 with PID 28096 (started by elian in /Users/elian/Documents/Ms-Auth)
2026-06-09T20:21:05.492-04:00  INFO 28096 --- [    Test worker] c.h.msauth.MsAuthApplicationTests        : No active profile set, falling back to 1 default profile: "default"
2026-06-09T20:21:05.814-04:00  INFO 28096 --- [    Test worker] .s.d.r.c.RepositoryConfigurationDelegate : Bootstrapping Spring Data JPA repositories in DEFAULT mode.
2026-06-09T20:21:05.832-04:00  INFO 28096 --- [    Test worker] .s.d.r.c.RepositoryConfigurationDelegate : Finished Spring Data repository scanning in 15 ms. Found 1 JPA repository interface.
2026-06-09T20:21:06.079-04:00  INFO 28096 --- [    Test worker] o.hibernate.jpa.internal.util.LogHelper  : HHH000204: Processing PersistenceUnitInfo [name: default]
2026-06-09T20:21:06.095-04:00  INFO 28096 --- [    Test worker] org.hibernate.Version                    : HHH000412: Hibernate ORM core version 6.6.13.Final
2026-06-09T20:21:06.108-04:00  INFO 28096 --- [    Test worker] o.h.c.internal.RegionFactoryInitiator    : HHH000026: Second-level cache disabled
2026-06-09T20:21:06.197-04:00  INFO 28096 --- [    Test worker] o.s.o.j.p.SpringPersistenceUnitInfo      : No LoadTimeWeaver setup: ignoring JPA class transformer
2026-06-09T20:21:06.207-04:00  INFO 28096 --- [    Test worker] com.zaxxer.hikari.HikariDataSource       : HikariPool-1 - Starting...
2026-06-09T20:21:06.274-04:00  INFO 28096 --- [    Test worker] com.zaxxer.hikari.pool.HikariPool        : HikariPool-1 - Added connection conn0: url=jdbc:h2:mem:testdb user=SA
2026-06-09T20:21:06.274-04:00  INFO 28096 --- [    Test worker] com.zaxxer.hikari.HikariDataSource       : HikariPool-1 - Start completed.
2026-06-09T20:21:06.295-04:00  INFO 28096 --- [    Test worker] org.hibernate.orm.connections.pooling    : HHH10001005: Database info:
	Database JDBC URL [Connecting through datasource 'HikariDataSource (HikariPool-1)']
	Database driver: undefined/unknown
	Database version: 2.3.232
	Autocommit mode: undefined/unknown
	Isolation level: undefined/unknown
	Minimum pool size: undefined/unknown
	Maximum pool size: undefined/unknown
2026-06-09T20:21:06.592-04:00  INFO 28096 --- [    Test worker] o.h.e.t.j.p.i.JtaPlatformInitiator       : HHH000489: No JTA platform available (set 'hibernate.transaction.jta.platform' to enable JTA platform integration)
2026-06-09T20:21:06.603-04:00  INFO 28096 --- [    Test worker] j.LocalContainerEntityManagerFactoryBean : Initialized JPA EntityManagerFactory for persistence unit 'default'
2026-06-09T20:21:06.810-04:00  WARN 28096 --- [    Test worker] JpaBaseConfiguration$JpaWebConfiguration : spring.jpa.open-in-view is enabled by default. Therefore, database queries may be performed during view rendering. Explicitly configure spring.jpa.open-in-view to disable this warning
2026-06-09T20:21:07.058-04:00  INFO 28096 --- [    Test worker] o.s.b.a.e.web.EndpointLinksResolver      : Exposing 1 endpoint beneath base path '/actuator'
2026-06-09T20:21:07.340-04:00  INFO 28096 --- [    Test worker] c.h.msauth.MsAuthApplicationTests        : Started MsAuthApplicationTests in 1.955 seconds (process running for 2.419)
]]></system-out>
  <system-err><![CDATA[Mockito is currently self-attaching to enable the inline-mock-maker. This will no longer work in future releases of the JDK. Please add Mockito as an agent to your build what is described in Mockito's documentation: https://javadoc.io/doc/org.mockito/mockito-core/latest/org/mockito/Mockito.html#0.3
WARNING: A Java agent has been loaded dynamically (/Users/elian/.gradle/caches/modules-2/files-2.1/net.bytebuddy/byte-buddy-agent/1.15.11/a38b16385e867f59a641330f0362ebe742788ed8/byte-buddy-agent-1.15.11.jar)
WARNING: If a serviceability tool is in use, please run with -XX:+EnableDynamicAgentLoading to hide this warning
WARNING: If a serviceability tool is not in use, please run with -Djdk.instrument.traceUsage for more information
WARNING: Dynamic loading of agents will be disallowed by default in a future release
]]></system-err>
</testsuite>
